<?xml version="1.0" encoding="UTF-8"?>
<robot generator="Robot 4.1.3 (Python 3.10.2 on win32)" generated="20220204 22:35:54.329" rpa="false" schemaversion="2">
<suite id="s1" name="Will-Robot" source="C:\Users\vitateje\Desktop\vitateje\will-robot\will-robot.robot">
<test id="s1-t1" name="Create a Login in Taskman App">
<kw name="Comment" library="BuiltIn">
<arg>This is my first RobotFramework test case!</arg>
<doc>Displays the given messages in the log file as keyword arguments.</doc>
<status status="PASS" starttime="20220204 22:35:54.819" endtime="20220204 22:35:54.819"/>
</kw>
<kw name="Open Taskman Login Page">
<kw name="Open Browser" library="SeleniumLibrary">
<arg>${Taskman URL}</arg>
<arg>${BROWSER}</arg>
<doc>Opens a new browser instance to the optional ``url``.</doc>
<msg timestamp="20220204 22:35:54.821" level="INFO">Opening browser 'Chrome' to base url 'https://taskman-django.herokuapp.com/logar_usuario?next=/listar_tarefas/'.</msg>
<status status="PASS" starttime="20220204 22:35:54.820" endtime="20220204 22:35:58.074"/>
</kw>
<status status="PASS" starttime="20220204 22:35:54.820" endtime="20220204 22:35:58.074"/>
</kw>
<kw name="Input Text" library="SeleniumLibrary">
<arg>name:username</arg>
<arg>teste</arg>
<doc>Types the given ``text`` into the text field identified by ``locator``.</doc>
<msg timestamp="20220204 22:35:58.077" level="INFO">Typing text 'teste' into text field 'name:username'.</msg>
<status status="PASS" starttime="20220204 22:35:58.076" endtime="20220204 22:35:58.322"/>
</kw>
<kw name="Input Text" library="SeleniumLibrary">
<arg>name:password</arg>
<arg>123</arg>
<doc>Types the given ``text`` into the text field identified by ``locator``.</doc>
<msg timestamp="20220204 22:35:58.325" level="INFO">Typing text '123' into text field 'name:password'.</msg>
<status status="PASS" starttime="20220204 22:35:58.324" endtime="20220204 22:35:58.577"/>
</kw>
<kw name="Click Button" library="SeleniumLibrary">
<arg>Entrar</arg>
<doc>Clicks the button identified by ``locator``.</doc>
<msg timestamp="20220204 22:35:58.580" level="INFO">Clicking button 'Entrar'.</msg>
<status status="PASS" starttime="20220204 22:35:58.579" endtime="20220204 22:35:59.702"/>
</kw>
<kw name="Assert">
<kw name="Page Should Contain" library="SeleniumLibrary">
<arg>As credenciais do usuário estão incorretas</arg>
<doc>Verifies that current page contains ``text``.</doc>
<msg timestamp="20220204 22:35:59.737" level="INFO">Current page contains text 'As credenciais do usuário estão incorretas'.</msg>
<status status="PASS" starttime="20220204 22:35:59.705" endtime="20220204 22:35:59.738"/>
</kw>
<status status="PASS" starttime="20220204 22:35:59.704" endtime="20220204 22:35:59.738"/>
</kw>
<kw name="Close Browser" library="SeleniumLibrary" type="TEARDOWN">
<doc>Closes the current browser.</doc>
<status status="PASS" starttime="20220204 22:35:59.739" endtime="20220204 22:36:01.907"/>
</kw>
<status status="PASS" starttime="20220204 22:35:54.818" endtime="20220204 22:36:01.909"/>
</test>
<status status="PASS" starttime="20220204 22:35:54.332" endtime="20220204 22:36:01.917"/>
</suite>
<statistics>
<total>
<stat pass="1" fail="0" skip="0">All Tests</stat>
</total>
<tag>
</tag>
<suite>
<stat pass="1" fail="0" skip="0" id="s1" name="Will-Robot">Will-Robot</stat>
</suite>
</statistics>
<errors>
</errors>
</robot>
